#
# There is insufficient memory for the Java Runtime Environment to continue.
# Native memory allocation (mmap) failed to map 26214400 bytes for Failed to commit area from 0x00000000cbb00000 to 0x00000000cd400000 of length 26214400.
# Possible reasons:
#   The system is out of physical RAM or swap space
#   The process is running with CompressedOops enabled, and the Java Heap may be blocking the growth of the native heap
# Possible solutions:
#   Reduce memory load on the system
#   Increase physical memory or swap space
#   Check if swap backing store is full
#   Decrease Java heap size (-Xmx/-Xms)
#   Decrease number of Java threads
#   Decrease Java thread stack sizes (-Xss)
#   Set larger code cache with -XX:ReservedCodeCacheSize=
#   JVM is running with Unscaled Compressed Oops mode in which the Java heap is
#     placed in the first 4GB address space. The Java Heap base address is the
#     maximum limit for the native heap growth. Please use -XX:HeapBaseMinAddress
#     to set the Java Heap base and to place the Java Heap above 4GB virtual address.
# This output file may be truncated or incomplete.
#
#  Out of Memory Error (t:/workspace/open/src/hotspot/os/windows/os_windows.cpp:3264), pid=19184, tid=10280
#
# JRE version: Java(TM) SE Runtime Environment (12.0.2+10) (build 12.0.2+10)
# Java VM: Java HotSpot(TM) 64-Bit Server VM (12.0.2+10, mixed mode, sharing, tiered, compressed oops, g1 gc, windows-amd64)
# No core dump will be written. Minidumps are not enabled by default on client versions of Windows
#

---------------  S U M M A R Y ------------

Command Line: --add-modules=ALL-SYSTEM --add-opens=java.base/java.util=ALL-UNNAMED --add-opens=java.base/java.lang=ALL-UNNAMED -Declipse.application=org.eclipse.jdt.ls.core.id1 -Dosgi.bundles.defaultStartLevel=4 -Declipse.product=org.eclipse.jdt.ls.core.product -Dfile.encoding=utf8 -DwatchParentProcess=false -Xverify:none -Xmx1G -XX:+UseG1GC -XX:+UseStringDeduplication c:\Users\Gold\.vscode\extensions\redhat.java-0.52.0\server\plugins\org.eclipse.equinox.launcher_1.5.600.v20191014-2022.jar -configuration c:\Users\Gold\.vscode\extensions\redhat.java-0.52.0\server\config_win -data c:\Users\Gold\AppData\Roaming\Code\User\workspaceStorage\edb100f23fdfa5b3f68476fd2373da21\redhat.java\jdt_ws

Host: Intel(R) Core(TM) i3-6100U CPU @ 2.30GHz, 4 cores, 3G,  Windows 10 , 64 bit Build 18362 (10.0.18362.329)
Time: Mon Oct 28 23:45:23 2019 Ea?onaeeineia a?aiy (ceia) elapsed time: 64 seconds (0d 0h 1m 4s)

---------------  T H R E A D  ---------------

Current thread (0x000001a4220a7800):  VMThread "VM Thread" [stack: 0x0000001f29b00000,0x0000001f29c00000] [id=10280]

Stack: [0x0000001f29b00000,0x0000001f29c00000]
[error occurred during error reporting (printing stack bounds), id 0xc0000005, EXCEPTION_ACCESS_VIOLATION (0xc0000005) at pc=0x000001a40e630bad]

Native frames: (J=compiled Java code, j=interpreted, Vv=VM code, C=native code)
V  [jvm.dll+0x63aa2a]
V  [jvm.dll+0x78ce1e]
V  [jvm.dll+0x78e4c1]
V  [jvm.dll+0x78ea75]
V  [jvm.dll+0x78ea2b]
V  [jvm.dll+0x63a134]
V  [jvm.dll+0x63a4f8]
C  [ntdll.dll+0xa11ff]
C  [ntdll.dll+0x6a289]
C  [ntdll.dll+0x9fe6e]
C  0x000001a40e630bad

VM_Operation (0x0000001f296ff880): G1Concurrent, mode: safepoint, requested by thread 0x000001a406267800


---------------  P R O C E S S  ---------------

Threads class SMR info:
_java_thread_list=0x000001a422d3fd20, length=22, elements={
0x000001a40622f800, 0x000001a4220ad800, 0x000001a4220ae800, 0x000001a4220d2800,
0x000001a4220d3800, 0x000001a4220d6800, 0x000001a4220d9800, 0x000001a422140000,
0x000001a4062ee000, 0x000001a422bab000, 0x000001a4233cf800, 0x000001a423486000,
0x000001a4233e8000, 0x000001a4236b0800, 0x000001a423237000, 0x000001a424a45800,
0x000001a424397000, 0x000001a42348a000, 0x000001a422ba9000, 0x000001a422dd1000,
0x000001a42403b800, 0x000001a42403c800
}

Java Threads: ( => current thread )
  0x000001a40622f800 JavaThread "main" [_thread_blocked, id=16852, stack(0x0000001f29400000,0x0000001f29500000)]
  0x000001a4220ad800 JavaThread "Reference Handler" daemon [_thread_blocked, id=9576, stack(0x0000001f29c00000,0x0000001f29d00000)]
  0x000001a4220ae800 JavaThread "Finalizer" daemon [_thread_blocked, id=14904, stack(0x0000001f29d00000,0x0000001f29e00000)]
  0x000001a4220d2800 JavaThread "Signal Dispatcher" daemon [_thread_blocked, id=10016, stack(0x0000001f29e00000,0x0000001f29f00000)]
  0x000001a4220d3800 JavaThread "Attach Listener" daemon [_thread_blocked, id=22400, stack(0x0000001f29f00000,0x0000001f2a000000)]
  0x000001a4220d6800 JavaThread "C2 CompilerThread0" daemon [_thread_blocked, id=3256, stack(0x0000001f2a000000,0x0000001f2a100000)]
  0x000001a4220d9800 JavaThread "C1 CompilerThread0" daemon [_thread_blocked, id=11864, stack(0x0000001f2a100000,0x0000001f2a200000)]
  0x000001a422140000 JavaThread "Sweeper thread" daemon [_thread_blocked, id=4628, stack(0x0000001f2a200000,0x0000001f2a300000)]
  0x000001a4062ee000 JavaThread "Common-Cleaner" daemon [_thread_blocked, id=23408, stack(0x0000001f2a300000,0x0000001f2a400000)]
  0x000001a422bab000 JavaThread "Service Thread" daemon [_thread_blocked, id=20076, stack(0x0000001f2a400000,0x0000001f2a500000)]
  0x000001a4233cf800 JavaThread "Active Thread: Equinox Container: 49ae4fe6-84a3-4c3f-a386-60c2e34b0a2e" [_thread_blocked, id=16704, stack(0x0000001f2a700000,0x0000001f2a800000)]
  0x000001a423486000 JavaThread "Framework Event Dispatcher: Equinox Container: 49ae4fe6-84a3-4c3f-a386-60c2e34b0a2e" daemon [_thread_blocked, id=23264, stack(0x0000001f2a800000,0x0000001f2a900000)]
  0x000001a4233e8000 JavaThread "Start Level: Equinox Container: 49ae4fe6-84a3-4c3f-a386-60c2e34b0a2e" daemon [_thread_blocked, id=2252, stack(0x0000001f2a900000,0x0000001f2aa00000)]
  0x000001a4236b0800 JavaThread "Worker-JM" [_thread_blocked, id=14640, stack(0x0000001f2aa00000,0x0000001f2ab00000)]
  0x000001a423237000 JavaThread "Worker-0" [_thread_blocked, id=9388, stack(0x0000001f2ab00000,0x0000001f2ac00000)]
  0x000001a424a45800 JavaThread "Worker-1" [_thread_blocked, id=23984, stack(0x0000001f2ac00000,0x0000001f2ad00000)]
  0x000001a424397000 JavaThread "Java indexing" daemon [_thread_blocked, id=6044, stack(0x0000001f2b000000,0x0000001f2b100000)]
  0x000001a42348a000 JavaThread "Bundle File Closer" daemon [_thread_blocked, id=15632, stack(0x0000001f2b100000,0x0000001f2b200000)]
  0x000001a422ba9000 JavaThread "Worker-2: Initialize Workspace" [_thread_blocked, id=22124, stack(0x0000001f2b200000,0x0000001f2b300000)]
  0x000001a422dd1000 JavaThread "pool-1-thread-1" [_thread_blocked, id=24076, stack(0x0000001f2b300000,0x0000001f2b400000)]
  0x000001a42403b800 JavaThread "Worker-3: Java indexing... " [_thread_blocked, id=8404, stack(0x0000001f2b400000,0x0000001f2b500000)]
  0x000001a42403c800 JavaThread "Worker-4" [_thread_blocked, id=9028, stack(0x0000001f2b500000,0x0000001f2b600000)]

Other Threads:
=>0x000001a4220a7800 VMThread "VM Thread" [stack: 0x0000001f29b00000,0x0000001f29c00000] [id=10280]
  0x000001a422bac800 WatcherThread [stack: 0x0000001f2a500000,0x0000001f2a600000] [id=18460]
  0x000001a40625d000 GCTaskThread "GC Thread#0" [stack: 0x0000001f29500000,0x0000001f29600000] [id=18016]
  0x000001a4237b6800 GCTaskThread "GC Thread#1" [stack: 0x0000001f2a600000,0x0000001f2a700000] [id=4744]
  0x000001a4237b4000 GCTaskThread "GC Thread#2" [stack: 0x0000001f2ad00000,0x0000001f2ae00000] [id=13664]
  0x000001a4237b6000 GCTaskThread "GC Thread#3" [stack: 0x0000001f2ae00000,0x0000001f2af00000] [id=21064]
  0x000001a406267800 ConcurrentGCThread "G1 Main Marker" [stack: 0x0000001f29600000,0x0000001f29700000] [id=24308]
  0x000001a40626a000 ConcurrentGCThread "G1 Conc#0" [stack: 0x0000001f29700000,0x0000001f29800000] [id=14612]
  0x000001a4062be800 ConcurrentGCThread "G1 Refine#0" [stack: 0x0000001f29800000,0x0000001f29900000] [id=19668]
  0x000001a423f30000 ConcurrentGCThread "G1 Refine#1" [stack: 0x0000001f2af00000,0x0000001f2b000000] [id=15404]
  0x000001a4062bf800 ConcurrentGCThread "G1 Young RemSet Sampling" [stack: 0x0000001f29900000,0x0000001f29a00000] [id=2268]
  0x000001a4062c6800 ConcurrentGCThread "StrDedup" [stack: 0x0000001f29a00000,0x0000001f29b00000] [id=15448]

Threads with active compile tasks:

VM state:at safepoint (normal execution)

VM Mutex/Monitor currently owned by a thread:  ([mutex/lock_event])
[0x000001a40622bea0] Threads_lock - owner thread: 0x000001a4220a7800
[0x000001a40622ba20] Heap_lock - owner thread: 0x000001a406267800

Heap address: 0x00000000c0000000, size: 1024 MB, Compressed Oops mode: 32-bit
Narrow klass base: 0x0000000800000000, Narrow klass shift: 3
Compressed class space size: 1073741824 Address: 0x0000000801190000

Heap:
 garbage-first heap   total 217088K, used 128268K [0x00000000c0000000, 0x0000000100000000)
  region size 1024K, 15 young (15360K), 6 survivors (6144K)
 Metaspace       used 35960K, capacity 38212K, committed 38480K, reserved 1083392K
  class space    used 3705K, capacity 4569K, committed 4608K, reserved 1048576K
Heap Regions: E=young(eden), S=young(survivor), O=old, HS=humongous(starts), HC=humongous(continues), CS=collection set, F=free, A=archive, TAMS=top-at-mark-start (previous, next)
|   0|0x00000000c0000000, 0x00000000c0100000, 0x00000000c0100000|100%| O|  |TAMS 0x00000000c0100000, 0x00000000c0000000| Updating 
|   1|0x00000000c0100000, 0x00000000c0200000, 0x00000000c0200000|100%| O|  |TAMS 0x00000000c0200000, 0x00000000c0100000| Updating 
|   2|0x00000000c0200000, 0x00000000c0300000, 0x00000000c0300000|100%| O|  |TAMS 0x00000000c0300000, 0x00000000c0200000| Updating 
|   3|0x00000000c0300000, 0x00000000c0400000, 0x00000000c0400000|100%| O|  |TAMS 0x00000000c0400000, 0x00000000c0300000| Updating 
|   4|0x00000000c0400000, 0x00000000c0500000, 0x00000000c0500000|100%| O|  |TAMS 0x00000000c0500000, 0x00000000c0400000| Updating 
|   5|0x00000000c0500000, 0x00000000c0600000, 0x00000000c0600000|100%| O|  |TAMS 0x00000000c0600000, 0x00000000c0500000| Updating 
|   6|0x00000000c0600000, 0x00000000c0700000, 0x00000000c0700000|100%| O|  |TAMS 0x00000000c0700000, 0x00000000c0600000| Updating 
|   7|0x00000000c0700000, 0x00000000c0800000, 0x00000000c0800000|100%| O|  |TAMS 0x00000000c0800000, 0x00000000c0700000| Updating 
|   8|0x00000000c0800000, 0x00000000c0900000, 0x00000000c0900000|100%| O|  |TAMS 0x00000000c0900000, 0x00000000c0800000| Updating 
|   9|0x00000000c0900000, 0x00000000c0a00000, 0x00000000c0a00000|100%| O|  |TAMS 0x00000000c0a00000, 0x00000000c0900000| Updating 
|  10|0x00000000c0a00000, 0x00000000c0b00000, 0x00000000c0b00000|100%| O|  |TAMS 0x00000000c0b00000, 0x00000000c0a00000| Updating 
|  11|0x00000000c0b00000, 0x00000000c0c00000, 0x00000000c0c00000|100%| O|  |TAMS 0x00000000c0c00000, 0x00000000c0b00000| Updating 
|  12|0x00000000c0c00000, 0x00000000c0d00000, 0x00000000c0d00000|100%| O|  |TAMS 0x00000000c0d00000, 0x00000000c0c00000| Updating 
|  13|0x00000000c0d00000, 0x00000000c0e00000, 0x00000000c0e00000|100%| O|  |TAMS 0x00000000c0e00000, 0x00000000c0d00000| Updating 
|  14|0x00000000c0e00000, 0x00000000c0f00000, 0x00000000c0f00000|100%| O|  |TAMS 0x00000000c0f00000, 0x00000000c0e00000| Updating 
|  15|0x00000000c0f00000, 0x00000000c1000000, 0x00000000c1000000|100%| O|  |TAMS 0x00000000c1000000, 0x00000000c0f00000| Updating 
|  16|0x00000000c1000000, 0x00000000c1100000, 0x00000000c1100000|100%| O|  |TAMS 0x00000000c1100000, 0x00000000c1000000| Updating 
|  17|0x00000000c1100000, 0x00000000c1200000, 0x00000000c1200000|100%| O|  |TAMS 0x00000000c1200000, 0x00000000c1100000| Updating 
|  18|0x00000000c1200000, 0x00000000c1300000, 0x00000000c1300000|100%| O|  |TAMS 0x00000000c1300000, 0x00000000c1200000| Updating 
|  19|0x00000000c1300000, 0x00000000c1400000, 0x00000000c1400000|100%| O|  |TAMS 0x00000000c1400000, 0x00000000c1300000| Updating 
|  20|0x00000000c1400000, 0x00000000c1500000, 0x00000000c1500000|100%| O|  |TAMS 0x00000000c1500000, 0x00000000c1400000| Updating 
|  21|0x00000000c1500000, 0x00000000c1600000, 0x00000000c1600000|100%| O|  |TAMS 0x00000000c1600000, 0x00000000c1500000| Updating 
|  22|0x00000000c1600000, 0x00000000c1700000, 0x00000000c1700000|100%| O|  |TAMS 0x00000000c1700000, 0x00000000c1600000| Updating 
|  23|0x00000000c1700000, 0x00000000c1800000, 0x00000000c1800000|100%| O|  |TAMS 0x00000000c1800000, 0x00000000c1700000| Updating 
|  24|0x00000000c1800000, 0x00000000c1900000, 0x00000000c1900000|100%| O|  |TAMS 0x00000000c1900000, 0x00000000c1800000| Updating 
|  25|0x00000000c1900000, 0x00000000c1a00000, 0x00000000c1a00000|100%|HS|  |TAMS 0x00000000c1a00000, 0x00000000c1900000| Complete 
|  26|0x00000000c1a00000, 0x00000000c1b00000, 0x00000000c1b00000|100%| O|  |TAMS 0x00000000c1b00000, 0x00000000c1a00000| Updating 
|  27|0x00000000c1b00000, 0x00000000c1c00000, 0x00000000c1c00000|100%| O|  |TAMS 0x00000000c1c00000, 0x00000000c1b00000| Updating 
|  28|0x00000000c1c00000, 0x00000000c1d00000, 0x00000000c1d00000|100%| O|  |TAMS 0x00000000c1d00000, 0x00000000c1c00000| Updating 
|  29|0x00000000c1d00000, 0x00000000c1e00000, 0x00000000c1e00000|100%| O|  |TAMS 0x00000000c1e00000, 0x00000000c1d00000| Updating 
|  30|0x00000000c1e00000, 0x00000000c1f00000, 0x00000000c1f00000|100%| O|  |TAMS 0x00000000c1f00000, 0x00000000c1e00000| Updating 
|  31|0x00000000c1f00000, 0x00000000c2000000, 0x00000000c2000000|100%| O|  |TAMS 0x00000000c2000000, 0x00000000c1f00000| Updating 
|  32|0x00000000c2000000, 0x00000000c2100000, 0x00000000c2100000|100%| O|  |TAMS 0x00000000c2100000, 0x00000000c2000000| Updating 
|  33|0x00000000c2100000, 0x00000000c2200000, 0x00000000c2200000|100%| O|  |TAMS 0x00000000c2200000, 0x00000000c2100000| Updating 
|  34|0x00000000c2200000, 0x00000000c2300000, 0x00000000c2300000|100%| O|  |TAMS 0x00000000c2300000, 0x00000000c2200000| Updating 
|  35|0x00000000c2300000, 0x00000000c2400000, 0x00000000c2400000|100%| O|  |TAMS 0x00000000c2400000, 0x00000000c2300000| Updating 
|  36|0x00000000c2400000, 0x00000000c2500000, 0x00000000c2500000|100%| O|  |TAMS 0x00000000c2500000, 0x00000000c2400000| Updating 
|  37|0x00000000c2500000, 0x00000000c2600000, 0x00000000c2600000|100%| O|  |TAMS 0x00000000c2600000, 0x00000000c2500000| Updating 
|  38|0x00000000c2600000, 0x00000000c2700000, 0x00000000c2700000|100%| O|  |TAMS 0x00000000c2700000, 0x00000000c2600000| Updating 
|  39|0x00000000c2700000, 0x00000000c2800000, 0x00000000c2800000|100%| O|  |TAMS 0x00000000c2800000, 0x00000000c2700000| Updating 
|  40|0x00000000c2800000, 0x00000000c2900000, 0x00000000c2900000|100%| O|  |TAMS 0x00000000c2900000, 0x00000000c2800000| Updating 
|  41|0x00000000c2900000, 0x00000000c2a00000, 0x00000000c2a00000|100%| O|  |TAMS 0x00000000c2a00000, 0x00000000c2900000| Updating 
|  42|0x00000000c2a00000, 0x00000000c2b00000, 0x00000000c2b00000|100%| O|  |TAMS 0x00000000c2b00000, 0x00000000c2a00000| Updating 
|  43|0x00000000c2b00000, 0x00000000c2c00000, 0x00000000c2c00000|100%| O|  |TAMS 0x00000000c2c00000, 0x00000000c2b00000| Updating 
|  44|0x00000000c2c00000, 0x00000000c2d00000, 0x00000000c2d00000|100%| O|  |TAMS 0x00000000c2d00000, 0x00000000c2c00000| Updating 
|  45|0x00000000c2d00000, 0x00000000c2e00000, 0x00000000c2e00000|100%| O|  |TAMS 0x00000000c2e00000, 0x00000000c2d00000| Updating 
|  46|0x00000000c2e00000, 0x00000000c2f00000, 0x00000000c2f00000|100%| O|  |TAMS 0x00000000c2f00000, 0x00000000c2e00000| Updating 
|  47|0x00000000c2f00000, 0x00000000c3000000, 0x00000000c3000000|100%| O|  |TAMS 0x00000000c3000000, 0x00000000c2f00000| Updating 
|  48|0x00000000c3000000, 0x00000000c3100000, 0x00000000c3100000|100%| O|  |TAMS 0x00000000c3100000, 0x00000000c3000000| Updating 
|  49|0x00000000c3100000, 0x00000000c3200000, 0x00000000c3200000|100%| O|  |TAMS 0x00000000c3200000, 0x00000000c3100000| Updating 
|  50|0x00000000c3200000, 0x00000000c3300000, 0x00000000c3300000|100%| O|  |TAMS 0x00000000c3300000, 0x00000000c3200000| Updating 
|  51|0x00000000c3300000, 0x00000000c3400000, 0x00000000c3400000|100%| O|  |TAMS 0x00000000c3400000, 0x00000000c3300000| Updating 
|  52|0x00000000c3400000, 0x00000000c3500000, 0x00000000c3500000|100%| O|  |TAMS 0x00000000c3500000, 0x00000000c3400000| Updating 
|  53|0x00000000c3500000, 0x00000000c3600000, 0x00000000c3600000|100%| O|  |TAMS 0x00000000c3600000, 0x00000000c3500000| Updating 
|  54|0x00000000c3600000, 0x00000000c3700000, 0x00000000c3700000|100%| O|  |TAMS 0x00000000c3700000, 0x00000000c3600000| Updating 
|  55|0x00000000c3700000, 0x00000000c3800000, 0x00000000c3800000|100%| O|  |TAMS 0x00000000c3800000, 0x00000000c3700000| Updating 
|  56|0x00000000c3800000, 0x00000000c3900000, 0x00000000c3900000|100%| O|  |TAMS 0x00000000c3900000, 0x00000000c3800000| Updating 
|  57|0x00000000c3900000, 0x00000000c3a00000, 0x00000000c3a00000|100%| O|  |TAMS 0x00000000c3a00000, 0x00000000c3900000| Updating 
|  58|0x00000000c3a00000, 0x00000000c3b00000, 0x00000000c3b00000|100%| O|  |TAMS 0x00000000c3b00000, 0x00000000c3a00000| Updating 
|  59|0x00000000c3b00000, 0x00000000c3c00000, 0x00000000c3c00000|100%| O|  |TAMS 0x00000000c3c00000, 0x00000000c3b00000| Updating 
|  60|0x00000000c3c00000, 0x00000000c3d00000, 0x00000000c3d00000|100%| O|  |TAMS 0x00000000c3d00000, 0x00000000c3c00000| Updating 
|  61|0x00000000c3d00000, 0x00000000c3e00000, 0x00000000c3e00000|100%| O|  |TAMS 0x00000000c3e00000, 0x00000000c3d00000| Updating 
|  62|0x00000000c3e00000, 0x00000000c3f00000, 0x00000000c3f00000|100%| O|  |TAMS 0x00000000c3f00000, 0x00000000c3e00000| Updating 
|  63|0x00000000c3f00000, 0x00000000c4000000, 0x00000000c4000000|100%| O|  |TAMS 0x00000000c4000000, 0x00000000c3f00000| Updating 
|  64|0x00000000c4000000, 0x00000000c4100000, 0x00000000c4100000|100%| O|  |TAMS 0x00000000c4100000, 0x00000000c4000000| Updating 
|  65|0x00000000c4100000, 0x00000000c4200000, 0x00000000c4200000|100%| O|  |TAMS 0x00000000c4200000, 0x00000000c4100000| Updating 
|  66|0x00000000c4200000, 0x00000000c4200000, 0x00000000c4300000|  0%| F|  |TAMS 0x00000000c4200000, 0x00000000c4200000| Untracked 
|  67|0x00000000c4300000, 0x00000000c4300000, 0x00000000c4400000|  0%| F|  |TAMS 0x00000000c4300000, 0x00000000c4300000| Untracked 
|  68|0x00000000c4400000, 0x00000000c4500000, 0x00000000c4500000|100%| O|  |TAMS 0x00000000c4500000, 0x00000000c4400000| Updating 
|  69|0x00000000c4500000, 0x00000000c4600000, 0x00000000c4600000|100%| O|  |TAMS 0x00000000c4600000, 0x00000000c4500000| Updating 
|  70|0x00000000c4600000, 0x00000000c4700000, 0x00000000c4700000|100%| O|  |TAMS 0x00000000c4700000, 0x00000000c4600000| Updating 
|  71|0x00000000c4700000, 0x00000000c4800000, 0x00000000c4800000|100%| O|  |TAMS 0x00000000c4800000, 0x00000000c4700000| Updating 
|  72|0x00000000c4800000, 0x00000000c4900000, 0x00000000c4900000|100%| O|  |TAMS 0x00000000c4900000, 0x00000000c4800000| Updating 
|  73|0x00000000c4900000, 0x00000000c4a00000, 0x00000000c4a00000|100%| O|  |TAMS 0x00000000c4a00000, 0x00000000c4900000| Updating 
|  74|0x00000000c4a00000, 0x00000000c4b00000, 0x00000000c4b00000|100%| O|  |TAMS 0x00000000c4b00000, 0x00000000c4a00000| Updating 
|  75|0x00000000c4b00000, 0x00000000c4c00000, 0x00000000c4c00000|100%| O|  |TAMS 0x00000000c4c00000, 0x00000000c4b00000| Updating 
|  76|0x00000000c4c00000, 0x00000000c4d00000, 0x00000000c4d00000|100%| O|  |TAMS 0x00000000c4d00000, 0x00000000c4c00000| Updating 
|  77|0x00000000c4d00000, 0x00000000c4e00000, 0x00000000c4e00000|100%| O|  |TAMS 0x00000000c4e00000, 0x00000000c4d00000| Updating 
|  78|0x00000000c4e00000, 0x00000000c4f00000, 0x00000000c4f00000|100%| O|  |TAMS 0x00000000c4f00000, 0x00000000c4e00000| Updating 
|  79|0x00000000c4f00000, 0x00000000c5000000, 0x00000000c5000000|100%| O|  |TAMS 0x00000000c5000000, 0x00000000c4f00000| Updating 
|  80|0x00000000c5000000, 0x00000000c5100000, 0x00000000c5100000|100%| O|  |TAMS 0x00000000c5100000, 0x00000000c5000000| Updating 
|  81|0x00000000c5100000, 0x00000000c5200000, 0x00000000c5200000|100%| O|  |TAMS 0x00000000c5200000, 0x00000000c5100000| Updating 
|  82|0x00000000c5200000, 0x00000000c5300000, 0x00000000c5300000|100%| O|  |TAMS 0x00000000c5300000, 0x00000000c5200000| Updating 
|  83|0x00000000c5300000, 0x00000000c5400000, 0x00000000c5400000|100%| O|  |TAMS 0x00000000c5400000, 0x00000000c5300000| Updating 
|  84|0x00000000c5400000, 0x00000000c5500000, 0x00000000c5500000|100%| O|  |TAMS 0x00000000c5500000, 0x00000000c5400000| Updating 
|  85|0x00000000c5500000, 0x00000000c5600000, 0x00000000c5600000|100%| O|  |TAMS 0x00000000c5600000, 0x00000000c5500000| Updating 
|  86|0x00000000c5600000, 0x00000000c5700000, 0x00000000c5700000|100%| O|  |TAMS 0x00000000c5700000, 0x00000000c5600000| Updating 
|  87|0x00000000c5700000, 0x00000000c5800000, 0x00000000c5800000|100%| O|  |TAMS 0x00000000c5800000, 0x00000000c5700000| Updating 
|  88|0x00000000c5800000, 0x00000000c5900000, 0x00000000c5900000|100%| O|  |TAMS 0x00000000c5900000, 0x00000000c5800000| Updating 
|  89|0x00000000c5900000, 0x00000000c5a00000, 0x00000000c5a00000|100%| O|  |TAMS 0x00000000c5a00000, 0x00000000c5900000| Updating 
|  90|0x00000000c5a00000, 0x00000000c5b00000, 0x00000000c5b00000|100%| O|  |TAMS 0x00000000c5b00000, 0x00000000c5a00000| Updating 
|  91|0x00000000c5b00000, 0x00000000c5c00000, 0x00000000c5c00000|100%| O|  |TAMS 0x00000000c5c00000, 0x00000000c5b00000| Updating 
|  92|0x00000000c5c00000, 0x00000000c5d00000, 0x00000000c5d00000|100%| O|  |TAMS 0x00000000c5d00000, 0x00000000c5c00000| Updating 
|  93|0x00000000c5d00000, 0x00000000c5e00000, 0x00000000c5e00000|100%| O|  |TAMS 0x00000000c5e00000, 0x00000000c5d00000| Updating 
|  94|0x00000000c5e00000, 0x00000000c5f00000, 0x00000000c5f00000|100%| O|  |TAMS 0x00000000c5f00000, 0x00000000c5e00000| Updating 
|  95|0x00000000c5f00000, 0x00000000c6000000, 0x00000000c6000000|100%| O|  |TAMS 0x00000000c6000000, 0x00000000c5f00000| Updating 
|  96|0x00000000c6000000, 0x00000000c6100000, 0x00000000c6100000|100%| O|  |TAMS 0x00000000c6100000, 0x00000000c6000000| Updating 
|  97|0x00000000c6100000, 0x00000000c6200000, 0x00000000c6200000|100%| O|  |TAMS 0x00000000c6200000, 0x00000000c6100000| Updating 
|  98|0x00000000c6200000, 0x00000000c6300000, 0x00000000c6300000|100%| O|  |TAMS 0x00000000c6300000, 0x00000000c6200000| Updating 
|  99|0x00000000c6300000, 0x00000000c6400000, 0x00000000c6400000|100%| O|  |TAMS 0x00000000c6400000, 0x00000000c6300000| Updating 
| 100|0x00000000c6400000, 0x00000000c6500000, 0x00000000c6500000|100%| O|  |TAMS 0x00000000c6500000, 0x00000000c6400000| Updating 
| 101|0x00000000c6500000, 0x00000000c6600000, 0x00000000c6600000|100%| O|  |TAMS 0x00000000c6600000, 0x00000000c6500000| Updating 
| 102|0x00000000c6600000, 0x00000000c6700000, 0x00000000c6700000|100%| O|  |TAMS 0x00000000c6700000, 0x00000000c6600000| Updating 
| 103|0x00000000c6700000, 0x00000000c6800000, 0x00000000c6800000|100%|HS|  |TAMS 0x00000000c6800000, 0x00000000c6700000| Complete 
| 104|0x00000000c6800000, 0x00000000c6900000, 0x00000000c6900000|100%|HC|  |TAMS 0x00000000c6900000, 0x00000000c6800000| Complete 
| 105|0x00000000c6900000, 0x00000000c6a00000, 0x00000000c6a00000|100%|HC|  |TAMS 0x00000000c6a00000, 0x00000000c6900000| Complete 
| 106|0x00000000c6a00000, 0x00000000c6b00000, 0x00000000c6b00000|100%|HC|  |TAMS 0x00000000c6b00000, 0x00000000c6a00000| Complete 
| 107|0x00000000c6b00000, 0x00000000c6c00000, 0x00000000c6c00000|100%| O|  |TAMS 0x00000000c6be2800, 0x00000000c6b00000| Updating 
| 108|0x00000000c6c00000, 0x00000000c6d00000, 0x00000000c6d00000|100%| O|  |TAMS 0x00000000c6c00000, 0x00000000c6c00000| Untracked 
| 109|0x00000000c6d00000, 0x00000000c6e00000, 0x00000000c6e00000|100%| O|  |TAMS 0x00000000c6d00000, 0x00000000c6d00000| Untracked 
| 110|0x00000000c6e00000, 0x00000000c6f00000, 0x00000000c6f00000|100%| O|  |TAMS 0x00000000c6e00000, 0x00000000c6e00000| Untracked 
| 111|0x00000000c6f00000, 0x00000000c7000000, 0x00000000c7000000|100%| O|  |TAMS 0x00000000c6f00000, 0x00000000c6f00000| Untracked 
| 112|0x00000000c7000000, 0x00000000c7100000, 0x00000000c7100000|100%| O|  |TAMS 0x00000000c7000000, 0x00000000c7000000| Untracked 
| 113|0x00000000c7100000, 0x00000000c7200000, 0x00000000c7200000|100%| O|  |TAMS 0x00000000c7100000, 0x00000000c7100000| Untracked 
| 114|0x00000000c7200000, 0x00000000c7200000, 0x00000000c7300000|  0%| F|  |TAMS 0x00000000c7200000, 0x00000000c7200000| Untracked 
| 115|0x00000000c7300000, 0x00000000c7300000, 0x00000000c7400000|  0%| F|  |TAMS 0x00000000c7300000, 0x00000000c7300000| Untracked 
| 116|0x00000000c7400000, 0x00000000c7400000, 0x00000000c7500000|  0%| F|  |TAMS 0x00000000c7400000, 0x00000000c7400000| Untracked 
| 117|0x00000000c7500000, 0x00000000c7500000, 0x00000000c7600000|  0%| F|  |TAMS 0x00000000c7500000, 0x00000000c7500000| Untracked 
| 118|0x00000000c7600000, 0x00000000c7600000, 0x00000000c7700000|  0%| F|  |TAMS 0x00000000c7600000, 0x00000000c7600000| Untracked 
| 119|0x00000000c7700000, 0x00000000c7700000, 0x00000000c7800000|  0%| F|  |TAMS 0x00000000c7700000, 0x00000000c7700000| Untracked 
| 120|0x00000000c7800000, 0x00000000c7800000, 0x00000000c7900000|  0%| F|  |TAMS 0x00000000c7800000, 0x00000000c7800000| Untracked 
| 121|0x00000000c7900000, 0x00000000c7900000, 0x00000000c7a00000|  0%| F|  |TAMS 0x00000000c7900000, 0x00000000c7900000| Untracked 
| 122|0x00000000c7a00000, 0x00000000c7a00000, 0x00000000c7b00000|  0%| F|  |TAMS 0x00000000c7a00000, 0x00000000c7a00000| Untracked 
| 123|0x00000000c7b00000, 0x00000000c7b00000, 0x00000000c7c00000|  0%| F|  |TAMS 0x00000000c7b00000, 0x00000000c7b00000| Untracked 
| 124|0x00000000c7c00000, 0x00000000c7c00000, 0x00000000c7d00000|  0%| F|  |TAMS 0x00000000c7c00000, 0x00000000c7c00000| Untracked 
| 125|0x00000000c7d00000, 0x00000000c7d00000, 0x00000000c7e00000|  0%| F|  |TAMS 0x00000000c7d00000, 0x00000000c7d00000| Untracked 
| 126|0x00000000c7e00000, 0x00000000c7e00000, 0x00000000c7f00000|  0%| F|  |TAMS 0x00000000c7e00000, 0x00000000c7e00000| Untracked 
| 127|0x00000000c7f00000, 0x00000000c7f00000, 0x00000000c8000000|  0%| F|  |TAMS 0x00000000c7f00000, 0x00000000c7f00000| Untracked 
| 128|0x00000000c8000000, 0x00000000c8000000, 0x00000000c8100000|  0%| F|  |TAMS 0x00000000c8000000, 0x00000000c8000000| Untracked 
| 129|0x00000000c8100000, 0x00000000c8100000, 0x00000000c8200000|  0%| F|  |TAMS 0x00000000c8100000, 0x00000000c8100000| Untracked 
| 130|0x00000000c8200000, 0x00000000c8200000, 0x00000000c8300000|  0%| F|  |TAMS 0x00000000c8200000, 0x00000000c8200000| Untracked 
| 131|0x00000000c8300000, 0x00000000c8300000, 0x00000000c8400000|  0%| F|  |TAMS 0x00000000c8300000, 0x00000000c8300000| Untracked 
| 132|0x00000000c8400000, 0x00000000c8400000, 0x00000000c8500000|  0%| F|  |TAMS 0x00000000c8400000, 0x00000000c8400000| Untracked 
| 133|0x00000000c8500000, 0x00000000c8500000, 0x00000000c8600000|  0%| F|  |TAMS 0x00000000c8500000, 0x00000000c8500000| Untracked 
| 134|0x00000000c8600000, 0x00000000c8643128, 0x00000000c8700000| 26%| S|CS|TAMS 0x00000000c8600000, 0x00000000c8600000| Complete 
| 135|0x00000000c8700000, 0x00000000c8800000, 0x00000000c8800000|100%| S|CS|TAMS 0x00000000c8700000, 0x00000000c8700000| Complete 
| 136|0x00000000c8800000, 0x00000000c8900000, 0x00000000c8900000|100%| S|CS|TAMS 0x00000000c8800000, 0x00000000c8800000| Complete 
| 137|0x00000000c8900000, 0x00000000c8a00000, 0x00000000c8a00000|100%| S|CS|TAMS 0x00000000c8900000, 0x00000000c8900000| Complete 
| 138|0x00000000c8a00000, 0x00000000c8b00000, 0x00000000c8b00000|100%| S|CS|TAMS 0x00000000c8a00000, 0x00000000c8a00000| Complete 
| 139|0x00000000c8b00000, 0x00000000c8c00000, 0x00000000c8c00000|100%| S|CS|TAMS 0x00000000c8b00000, 0x00000000c8b00000| Complete 
| 140|0x00000000c8c00000, 0x00000000c8c00000, 0x00000000c8d00000|  0%| F|  |TAMS 0x00000000c8c00000, 0x00000000c8c00000| Untracked 
| 141|0x00000000c8d00000, 0x00000000c8d00000, 0x00000000c8e00000|  0%| F|  |TAMS 0x00000000c8d00000, 0x00000000c8d00000| Untracked 
| 142|0x00000000c8e00000, 0x00000000c8e00000, 0x00000000c8f00000|  0%| F|  |TAMS 0x00000000c8e00000, 0x00000000c8e00000| Untracked 
| 143|0x00000000c8f00000, 0x00000000c8f00000, 0x00000000c9000000|  0%| F|  |TAMS 0x00000000c8f00000, 0x00000000c8f00000| Untracked 
| 144|0x00000000c9000000, 0x00000000c9000000, 0x00000000c9100000|  0%| F|  |TAMS 0x00000000c9000000, 0x00000000c9000000| Untracked 
| 145|0x00000000c9100000, 0x00000000c9100000, 0x00000000c9200000|  0%| F|  |TAMS 0x00000000c9100000, 0x00000000c9100000| Untracked 
| 146|0x00000000c9200000, 0x00000000c9200000, 0x00000000c9300000|  0%| F|  |TAMS 0x00000000c9200000, 0x00000000c9200000| Untracked 
| 147|0x00000000c9300000, 0x00000000c9300000, 0x00000000c9400000|  0%| F|  |TAMS 0x00000000c9300000, 0x00000000c9300000| Untracked 
| 148|0x00000000c9400000, 0x00000000c9400000, 0x00000000c9500000|  0%| F|  |TAMS 0x00000000c9400000, 0x00000000c9400000| Untracked 
| 149|0x00000000c9500000, 0x00000000c9500000, 0x00000000c9600000|  0%| F|  |TAMS 0x00000000c9500000, 0x00000000c9500000| Untracked 
| 150|0x00000000c9600000, 0x00000000c9600000, 0x00000000c9700000|  0%| F|  |TAMS 0x00000000c9600000, 0x00000000c9600000| Untracked 
| 151|0x00000000c9700000, 0x00000000c9700000, 0x00000000c9800000|  0%| F|  |TAMS 0x00000000c9700000, 0x00000000c9700000| Untracked 
| 152|0x00000000c9800000, 0x00000000c9800000, 0x00000000c9900000|  0%| F|  |TAMS 0x00000000c9800000, 0x00000000c9800000| Untracked 
| 153|0x00000000c9900000, 0x00000000c9900000, 0x00000000c9a00000|  0%| F|  |TAMS 0x00000000c9900000, 0x00000000c9900000| Untracked 
| 154|0x00000000c9a00000, 0x00000000c9a00000, 0x00000000c9b00000|  0%| F|  |TAMS 0x00000000c9a00000, 0x00000000c9a00000| Untracked 
| 155|0x00000000c9b00000, 0x00000000c9b00000, 0x00000000c9c00000|  0%| F|  |TAMS 0x00000000c9b00000, 0x00000000c9b00000| Untracked 
| 156|0x00000000c9c00000, 0x00000000c9c00000, 0x00000000c9d00000|  0%| F|  |TAMS 0x00000000c9c00000, 0x00000000c9c00000| Untracked 
| 157|0x00000000c9d00000, 0x00000000c9d00000, 0x00000000c9e00000|  0%| F|  |TAMS 0x00000000c9d00000, 0x00000000c9d00000| Untracked 
| 158|0x00000000c9e00000, 0x00000000c9e00000, 0x00000000c9f00000|  0%| F|  |TAMS 0x00000000c9e00000, 0x00000000c9e00000| Untracked 
| 159|0x00000000c9f00000, 0x00000000c9f00000, 0x00000000ca000000|  0%| F|  |TAMS 0x00000000c9f00000, 0x00000000c9f00000| Untracked 
| 160|0x00000000ca000000, 0x00000000ca000000, 0x00000000ca100000|  0%| F|  |TAMS 0x00000000ca000000, 0x00000000ca000000| Untracked 
| 161|0x00000000ca100000, 0x00000000ca100000, 0x00000000ca200000|  0%| F|  |TAMS 0x00000000ca100000, 0x00000000ca100000| Untracked 
| 162|0x00000000ca200000, 0x00000000ca200000, 0x00000000ca300000|  0%| F|  |TAMS 0x00000000ca200000, 0x00000000ca200000| Untracked 
| 163|0x00000000ca300000, 0x00000000ca300000, 0x00000000ca400000|  0%| F|  |TAMS 0x00000000ca300000, 0x00000000ca300000| Untracked 
| 164|0x00000000ca400000, 0x00000000ca400000, 0x00000000ca500000|  0%| F|  |TAMS 0x00000000ca400000, 0x00000000ca400000| Untracked 
| 165|0x00000000ca500000, 0x00000000ca500000, 0x00000000ca600000|  0%| F|  |TAMS 0x00000000ca500000, 0x00000000ca500000| Untracked 
| 166|0x00000000ca600000, 0x00000000ca600000, 0x00000000ca700000|  0%| F|  |TAMS 0x00000000ca600000, 0x00000000ca600000| Untracked 
| 167|0x00000000ca700000, 0x00000000ca700000, 0x00000000ca800000|  0%| F|  |TAMS 0x00000000ca700000, 0x00000000ca700000| Untracked 
| 168|0x00000000ca800000, 0x00000000ca800000, 0x00000000ca900000|  0%| F|  |TAMS 0x00000000ca800000, 0x00000000ca800000| Untracked 
| 169|0x00000000ca900000, 0x00000000ca900000, 0x00000000caa00000|  0%| F|  |TAMS 0x00000000ca900000, 0x00000000ca900000| Untracked 
| 170|0x00000000caa00000, 0x00000000caa00000, 0x00000000cab00000|  0%| F|  |TAMS 0x00000000caa00000, 0x00000000caa00000| Untracked 
| 171|0x00000000cab00000, 0x00000000cab00000, 0x00000000cac00000|  0%| F|  |TAMS 0x00000000cab00000, 0x00000000cab00000| Untracked 
| 172|0x00000000cac00000, 0x00000000cac00000, 0x00000000cad00000|  0%| F|  |TAMS 0x00000000cac00000, 0x00000000cac00000| Untracked 
| 173|0x00000000cad00000, 0x00000000cad00000, 0x00000000cae00000|  0%| F|  |TAMS 0x00000000cad00000, 0x00000000cad00000| Untracked 
| 174|0x00000000cae00000, 0x00000000cae00000, 0x00000000caf00000|  0%| F|  |TAMS 0x00000000cae00000, 0x00000000cae00000| Untracked 
| 175|0x00000000caf00000, 0x00000000caf00000, 0x00000000cb000000|  0%| F|  |TAMS 0x00000000caf00000, 0x00000000caf00000| Untracked 
| 176|0x00000000cb000000, 0x00000000cb000000, 0x00000000cb100000|  0%| F|  |TAMS 0x00000000cb000000, 0x00000000cb000000| Untracked 
| 177|0x00000000cb100000, 0x00000000cb100000, 0x00000000cb200000|  0%| F|  |TAMS 0x00000000cb100000, 0x00000000cb100000| Untracked 
| 178|0x00000000cb200000, 0x00000000cb283f98, 0x00000000cb300000| 51%| E|  |TAMS 0x00000000cb200000, 0x00000000cb200000| Complete 
| 179|0x00000000cb300000, 0x00000000cb400000, 0x00000000cb400000|100%| E|CS|TAMS 0x00000000cb300000, 0x00000000cb300000| Complete 
| 180|0x00000000cb400000, 0x00000000cb500000, 0x00000000cb500000|100%| E|CS|TAMS 0x00000000cb400000, 0x00000000cb400000| Complete 
| 181|0x00000000cb500000, 0x00000000cb600000, 0x00000000cb600000|100%| E|CS|TAMS 0x00000000cb500000, 0x00000000cb500000| Complete 
| 182|0x00000000cb600000, 0x00000000cb700000, 0x00000000cb700000|100%| E|CS|TAMS 0x00000000cb600000, 0x00000000cb600000| Complete 
| 183|0x00000000cb700000, 0x00000000cb800000, 0x00000000cb800000|100%| E|CS|TAMS 0x00000000cb700000, 0x00000000cb700000| Complete 
| 184|0x00000000cb800000, 0x00000000cb900000, 0x00000000cb900000|100%| E|CS|TAMS 0x00000000cb800000, 0x00000000cb800000| Complete 
| 185|0x00000000cb900000, 0x00000000cba00000, 0x00000000cba00000|100%| E|CS|TAMS 0x00000000cb900000, 0x00000000cb900000| Complete 
| 186|0x00000000cba00000, 0x00000000cbb00000, 0x00000000cbb00000|100%| E|CS|TAMS 0x00000000cba00000, 0x00000000cba00000| Complete 

Card table byte_map: [0x000001a41d830000,0x000001a41da30000] _byte_map_base: 0x000001a41d230000

Marking Bits (Prev, Next): (CMBitMap*) 0x000001a40625fcb8, (CMBitMap*) 0x000001a40625fcf8
 Prev Bits: [0x000001a41dc30000, 0x000001a41ec30000)
 Next Bits: [0x000001a41ec30000, 0x000001a41fc30000)

Polling page: 0x000001a404170000

Metaspace:

Usage:
  Non-class:     32.85 MB capacity,    31.50 MB ( 96%) used,     1.29 MB (  4%) free+waste,    67.38 KB ( <1%) overhead. 
      Class:      4.46 MB capacity,     3.62 MB ( 81%) used,   829.84 KB ( 18%) free+waste,    33.25 KB ( <1%) overhead. 
       Both:     37.32 MB capacity,    35.12 MB ( 94%) used,     2.10 MB (  6%) free+waste,   100.63 KB ( <1%) overhead. 

Virtual space:
  Non-class space:       34.00 MB reserved,      33.08 MB ( 97%) committed 
      Class space:        1.00 GB reserved,       4.50 MB ( <1%) committed 
             Both:        1.03 GB reserved,      37.58 MB (  4%) committed 

Chunk freelists:
   Non-Class:  4.63 KB
       Class:  896 bytes
        Both:  5.50 KB

CodeHeap 'non-profiled nmethods': size=120064Kb used=3456Kb max_used=3456Kb free=116607Kb
 bounds [0x000001a4160f0000, 0x000001a416460000, 0x000001a41d630000]
CodeHeap 'profiled nmethods': size=120000Kb used=11752Kb max_used=11752Kb free=108247Kb
 bounds [0x000001a40ebc0000, 0x000001a40f750000, 0x000001a4160f0000]
CodeHeap 'non-nmethods': size=5696Kb used=1246Kb max_used=1314Kb free=4449Kb
 bounds [0x000001a40e630000, 0x000001a40e8a0000, 0x000001a40ebc0000]
 total_blobs=7374 nmethods=4816 adapters=518
 compilation: enabled
              stopped_count=0, restarted_count=0
 full_count=0

Compilation events (10 events):
Event: 63.203 Thread 0x000001a4220d6800 5389       4       org.eclipse.jdt.internal.compiler.parser.Scanner::internalScanIdentifierOrKeyword (4529 bytes)
Event: 63.558 Thread 0x000001a4220d6800 nmethod 5389 0x000001a416447590 code [0x000001a416447920, 0x000001a416449da0]
Event: 63.959 Thread 0x000001a4220d6800 5390 %     4       org.eclipse.jdt.internal.compiler.util.SimpleLookupTable::rehash @ 23 (86 bytes)
Event: 63.970 Thread 0x000001a4220d6800 nmethod 5390% 0x000001a41644a590 code [0x000001a41644a740, 0x000001a41644aac8]
Event: 63.970 Thread 0x000001a4220d6800 5391       4       org.eclipse.jdt.internal.compiler.util.SimpleLookupTable::rehash (86 bytes)
Event: 63.995 Thread 0x000001a4220d6800 nmethod 5391 0x000001a41644ac90 code [0x000001a41644ae80, 0x000001a41644b5c8]
Event: 64.036 Thread 0x000001a4220d9800 5392       3       org.eclipse.jdt.internal.core.search.indexing.AddJrtToIndex$JrtTraverser::visitFile (14 bytes)
Event: 64.037 Thread 0x000001a4220d9800 nmethod 5392 0x000001a40f745390 code [0x000001a40f745560, 0x000001a40f7459f0]
Event: 64.084 Thread 0x000001a4220d6800 5393       4       org.eclipse.jdt.internal.core.search.indexing.BinaryIndexer::addBinaryAnnotation (83 bytes)
Event: 64.357 Thread 0x000001a4220d6800 nmethod 5393 0x000001a41644b810 code [0x000001a41644bbe0, 0x000001a41644f668]

GC Heap History (10 events):
Event: 61.099 GC heap before
{Heap before GC invocations=58 (full 0):
 garbage-first heap   total 165888K, used 131951K [0x00000000c0000000, 0x0000000100000000)
  region size 1024K, 38 young (38912K), 4 survivors (4096K)
 Metaspace       used 35958K, capacity 38148K, committed 38224K, reserved 1083392K
  class space    used 3705K, capacity 4569K, committed 4608K, reserved 1048576K
}
Event: 61.111 GC heap after
{Heap after GC invocations=59 (full 0):
 garbage-first heap   total 165888K, used 101547K [0x00000000c0000000, 0x0000000100000000)
  region size 1024K, 5 young (5120K), 5 survivors (5120K)
 Metaspace       used 35958K, capacity 38148K, committed 38224K, reserved 1083392K
  class space    used 3705K, capacity 4569K, committed 4608K, reserved 1048576K
}
Event: 62.021 GC heap before
{Heap before GC invocations=60 (full 0):
 garbage-first heap   total 184320K, used 134315K [0x00000000c0000000, 0x0000000100000000)
  region size 1024K, 37 young (37888K), 5 survivors (5120K)
 Metaspace       used 35958K, capacity 38148K, committed 38224K, reserved 1083392K
  class space    used 3705K, capacity 4569K, committed 4608K, reserved 1048576K
}
Event: 62.037 GC heap after
{Heap after GC invocations=61 (full 0):
 garbage-first heap   total 184320K, used 105433K [0x00000000c0000000, 0x0000000100000000)
  region size 1024K, 4 young (4096K), 4 survivors (4096K)
 Metaspace       used 35958K, capacity 38148K, committed 38224K, reserved 1083392K
  class space    used 3705K, capacity 4569K, committed 4608K, reserved 1048576K
}
Event: 62.287 GC heap before
{Heap before GC invocations=61 (full 0):
 garbage-first heap   total 184320K, used 138201K [0x00000000c0000000, 0x0000000100000000)
  region size 1024K, 37 young (37888K), 4 survivors (4096K)
 Metaspace       used 35958K, capacity 38148K, committed 38224K, reserved 1083392K
  class space    used 3705K, capacity 4569K, committed 4608K, reserved 1048576K
}
Event: 62.299 GC heap after
{Heap after GC invocations=62 (full 0):
 garbage-first heap   total 184320K, used 108505K [0x00000000c0000000, 0x0000000100000000)
  region size 1024K, 4 young (4096K), 4 survivors (4096K)
 Metaspace       used 35958K, capacity 38148K, committed 38224K, reserved 1083392K
  class space    used 3705K, capacity 4569K, committed 4608K, reserved 1048576K
}
Event: 63.746 GC heap before
{Heap before GC invocations=63 (full 0):
 garbage-first heap   total 191488K, used 151513K [0x00000000c0000000, 0x0000000100000000)
  region size 1024K, 42 young (43008K), 4 survivors (4096K)
 Metaspace       used 35960K, capacity 38212K, committed 38480K, reserved 1083392K
  class space    used 3705K, capacity 4569K, committed 4608K, reserved 1048576K
}
Event: 63.763 GC heap after
{Heap after GC invocations=64 (full 0):
 garbage-first heap   total 191488K, used 116618K [0x00000000c0000000, 0x0000000100000000)
  region size 1024K, 6 young (6144K), 6 survivors (6144K)
 Metaspace       used 35960K, capacity 38212K, committed 38480K, reserved 1083392K
  class space    used 3705K, capacity 4569K, committed 4608K, reserved 1048576K
}
Event: 64.116 GC heap before
{Heap before GC invocations=64 (full 0):
 garbage-first heap   total 191488K, used 158602K [0x00000000c0000000, 0x0000000100000000)
  region size 1024K, 47 young (48128K), 6 survivors (6144K)
 Metaspace       used 35960K, capacity 38212K, committed 38480K, reserved 1083392K
  class space    used 3705K, capacity 4569K, committed 4608K, reserved 1048576K
}
Event: 64.146 GC heap after
{Heap after GC invocations=65 (full 0):
 garbage-first heap   total 191488K, used 122124K [0x00000000c0000000, 0x0000000100000000)
  region size 1024K, 6 young (6144K), 6 survivors (6144K)
 Metaspace       used 35960K, capacity 38212K, committed 38480K, reserved 1083392K
  class space    used 3705K, capacity 4569K, committed 4608K, reserved 1048576K
}

Deoptimization events (10 events):
Event: 46.603 Thread 0x000001a424397000 Uncommon trap: reason=range_check action=make_not_entrant pc=0x000001a4163fa5ac method=org.eclipse.jdt.internal.core.search.matching.ConstructorPattern.createDeclarationIndexKey([CI[C[[C[[CI[CII)[C @ 362 c2
Event: 46.669 Thread 0x000001a424397000 Uncommon trap: reason=unstable_if action=reinterpret pc=0x000001a41635884c method=org.eclipse.jdt.internal.compiler.classfmt.ClassFileReader.<init>([B[CZ)V @ 73 c2
Event: 46.672 Thread 0x000001a424397000 Uncommon trap: reason=unstable_if action=reinterpret pc=0x000001a4163b9060 method=org.eclipse.jdt.internal.core.search.indexing.BinaryIndexer.indexDocument()V @ 50 c2
Event: 48.234 Thread 0x000001a424397000 Uncommon trap: reason=unstable_if action=reinterpret pc=0x000001a416368350 method=org.eclipse.jdt.internal.compiler.classfmt.MethodInfo.decodeLocalVariableAttribute(II)V @ 14 c2
Event: 58.262 Thread 0x000001a424397000 Uncommon trap: reason=unstable_if action=reinterpret pc=0x000001a416412c78 method=org.eclipse.jdt.internal.compiler.parser.Scanner.internalScanIdentifierOrKeyword(II[C)I @ 3127 c2
Event: 58.912 Thread 0x000001a424397000 Uncommon trap: reason=unstable_if action=reinterpret pc=0x000001a4163cbea8 method=org.eclipse.jdt.internal.compiler.classfmt.FieldInfo.createField([B[IIJ)Lorg/eclipse/jdt/internal/compiler/classfmt/FieldInfo; @ 120 c2
Event: 58.915 Thread 0x000001a424397000 Uncommon trap: reason=unstable_if action=reinterpret pc=0x000001a4163dda7c method=org.eclipse.jdt.internal.compiler.classfmt.MethodInfo.createMethod([B[IIJ)Lorg/eclipse/jdt/internal/compiler/classfmt/MethodInfo; @ 167 c2
Event: 58.922 Thread 0x000001a424397000 Uncommon trap: reason=unstable_if action=reinterpret pc=0x000001a4163698d4 method=org.eclipse.jdt.internal.compiler.classfmt.MethodInfo.readModifierRelatedAttributes()V @ 136 c2
Event: 60.796 Thread 0x000001a424397000 Uncommon trap: reason=unstable_if action=reinterpret pc=0x000001a4163450b4 method=org.eclipse.jdt.internal.core.search.indexing.BinaryIndexer.addTypeReference([C)V @ 5 c2
Event: 64.030 Thread 0x000001a424397000 Uncommon trap: reason=unstable_if action=reinterpret pc=0x000001a4164190e0 method=org.eclipse.jdt.internal.compiler.util.Util.isClassFileName(Ljava/lang/String;)Z @ 20 c2

Classes redefined (0 events):
No events

Internal exceptions (10 events):
Event: 33.362 Thread 0x000001a422ba9000 Exception <a 'sun/nio/fs/WindowsException'{0x00000000c5063c00}> (0x00000000c5063c00) thrown at [t:/workspace/open/src/hotspot/share/prims/jni.cpp, line 615]
Event: 33.365 Thread 0x000001a422ba9000 Exception <a 'sun/nio/fs/WindowsException'{0x00000000c5066b18}> (0x00000000c5066b18) thrown at [t:/workspace/open/src/hotspot/share/prims/jni.cpp, line 615]
Event: 33.366 Thread 0x000001a422ba9000 Exception <a 'sun/nio/fs/WindowsException'{0x00000000c5069c90}> (0x00000000c5069c90) thrown at [t:/workspace/open/src/hotspot/share/prims/jni.cpp, line 615]
Event: 33.367 Thread 0x000001a422ba9000 Exception <a 'sun/nio/fs/WindowsException'{0x00000000c506cb68}> (0x00000000c506cb68) thrown at [t:/workspace/open/src/hotspot/share/prims/jni.cpp, line 615]
Event: 33.369 Thread 0x000001a422ba9000 Exception <a 'sun/nio/fs/WindowsException'{0x00000000c506ffb0}> (0x00000000c506ffb0) thrown at [t:/workspace/open/src/hotspot/share/prims/jni.cpp, line 615]
Event: 33.370 Thread 0x000001a422ba9000 Exception <a 'sun/nio/fs/WindowsException'{0x00000000c5072fa0}> (0x00000000c5072fa0) thrown at [t:/workspace/open/src/hotspot/share/prims/jni.cpp, line 615]
Event: 33.371 Thread 0x000001a422ba9000 Exception <a 'sun/nio/fs/WindowsException'{0x00000000c5076718}> (0x00000000c5076718) thrown at [t:/workspace/open/src/hotspot/share/prims/jni.cpp, line 615]
Event: 36.308 Thread 0x000001a424397000 Implicit null exception at 0x000001a4163063dc to 0x000001a4163064f2
Event: 40.047 Thread 0x000001a424397000 Implicit null exception at 0x000001a41637fcfd to 0x000001a41638919a
Event: 41.728 Thread 0x000001a424397000 Implicit null exception at 0x000001a416398041 to 0x000001a4163a201e

Events (10 events):
Event: 62.867 Executing VM operation: G1Concurrent
Event: 62.867 Executing VM operation: G1Concurrent done
Event: 63.745 Executing VM operation: G1CollectForAllocation
Event: 63.763 Executing VM operation: G1CollectForAllocation done
Event: 64.030 Thread 0x000001a424397000 Uncommon trap: trap_request=0xffffff4d fr.pc=0x000001a4164190e0 relative=0x00000000000031e0
Event: 64.030 Thread 0x000001a424397000 DEOPT PACKING pc=0x000001a4164190e0 sp=0x0000001f2b0fee30
Event: 64.030 Thread 0x000001a424397000 DEOPT UNPACKING pc=0x000001a40e659baf sp=0x0000001f2b0fed00 mode 2
Event: 64.116 Executing VM operation: G1CollectForAllocation
Event: 64.146 Executing VM operation: G1CollectForAllocation done
Event: 64.482 Executing VM operation: G1Concurrent


Dynamic libraries:
0x00007ff7aa3a0000 - 0x00007ff7aa3af000 	C:\Program Files\Java\jdk-12.0.2\bin\java.exe
0x00007ffba7000000 - 0x00007ffba71f0000 	C:\WINDOWS\SYSTEM32\ntdll.dll
0x00007ffb8ea70000 - 0x00007ffb8ea84000 	C:\Program Files\AVAST Software\Avast\aswhook.dll
0x00007ffba6b80000 - 0x00007ffba6c32000 	C:\WINDOWS\System32\KERNEL32.DLL
0x00007ffba4530000 - 0x00007ffba47d3000 	C:\WINDOWS\System32\KERNELBASE.dll
0x00007ffba47e0000 - 0x00007ffba48da000 	C:\WINDOWS\System32\ucrtbase.dll
0x00007ffb9f060000 - 0x00007ffb9f078000 	C:\Program Files\Java\jdk-12.0.2\bin\jli.dll
0x00007ffba6ee0000 - 0x00007ffba6f83000 	C:\WINDOWS\System32\ADVAPI32.dll
0x00007ffba5520000 - 0x00007ffba55be000 	C:\WINDOWS\System32\msvcrt.dll
0x00007ffba68f0000 - 0x00007ffba6987000 	C:\WINDOWS\System32\sechost.dll
0x00007ffba57e0000 - 0x00007ffba5900000 	C:\WINDOWS\System32\RPCRT4.dll
0x00007ffba55c0000 - 0x00007ffba5754000 	C:\WINDOWS\System32\USER32.dll
0x00007ffba40e0000 - 0x00007ffba4101000 	C:\WINDOWS\System32\win32u.dll
0x00007ffba6f90000 - 0x00007ffba6fb6000 	C:\WINDOWS\System32\GDI32.dll
0x00007ffba4390000 - 0x00007ffba4524000 	C:\WINDOWS\System32\gdi32full.dll
0x00007ffba3f90000 - 0x00007ffba402e000 	C:\WINDOWS\System32\msvcp_win.dll
0x00007ffb9ecb0000 - 0x00007ffb9ecc6000 	C:\Program Files\Java\jdk-12.0.2\bin\VCRUNTIME140.dll
0x00007ffb7fe80000 - 0x00007ffb80105000 	C:\WINDOWS\WinSxS\amd64_microsoft.windows.common-controls_6595b64144ccf1df_6.0.18362.418_none_e6c6b287130d565d\COMCTL32.dll
0x00007ffba64d0000 - 0x00007ffba6806000 	C:\WINDOWS\System32\combase.dll
0x00007ffba4260000 - 0x00007ffba42e0000 	C:\WINDOWS\System32\bcryptPrimitives.dll
0x00007ffb9e4d0000 - 0x00007ffb9e4da000 	C:\WINDOWS\SYSTEM32\VERSION.dll
0x00007ffba5ff0000 - 0x00007ffba601e000 	C:\WINDOWS\System32\IMM32.DLL
0x00007ffb8ac20000 - 0x00007ffb8acca000 	C:\Program Files\Java\jdk-12.0.2\bin\msvcp140.dll
0x00007ffb47d20000 - 0x00007ffb48897000 	C:\Program Files\Java\jdk-12.0.2\bin\server\jvm.dll
0x00007ffba57d0000 - 0x00007ffba57d8000 	C:\WINDOWS\System32\PSAPI.DLL
0x00007ffba29e0000 - 0x00007ffba29e9000 	C:\WINDOWS\SYSTEM32\WSOCK32.dll
0x00007ffba6020000 - 0x00007ffba608f000 	C:\WINDOWS\System32\WS2_32.dll
0x00007ffb9b340000 - 0x00007ffb9b364000 	C:\WINDOWS\SYSTEM32\WINMM.dll
0x00007ffb9b310000 - 0x00007ffb9b33d000 	C:\WINDOWS\SYSTEM32\WINMMBASE.dll
0x00007ffba4340000 - 0x00007ffba438a000 	C:\WINDOWS\System32\cfgmgr32.dll
0x00007ffba3ee0000 - 0x00007ffba3ef1000 	C:\WINDOWS\System32\kernel.appcore.dll
0x00007ffb9e820000 - 0x00007ffb9e831000 	C:\Program Files\Java\jdk-12.0.2\bin\verify.dll
0x00007ffba27c0000 - 0x00007ffba29b4000 	C:\WINDOWS\SYSTEM32\DBGHELP.DLL
0x00007ffb9d060000 - 0x00007ffb9d08a000 	C:\WINDOWS\SYSTEM32\dbgcore.DLL
0x00007ffb9e7f0000 - 0x00007ffb9e816000 	C:\Program Files\Java\jdk-12.0.2\bin\java.dll
0x00007ffb9e7b0000 - 0x00007ffb9e7c7000 	C:\Program Files\Java\jdk-12.0.2\bin\zip.dll
0x00007ffb9f5c0000 - 0x00007ffb9f5ca000 	C:\Program Files\Java\jdk-12.0.2\bin\jimage.dll
0x00007ffba5900000 - 0x00007ffba5fe5000 	C:\WINDOWS\System32\SHELL32.dll
0x00007ffba6ad0000 - 0x00007ffba6b79000 	C:\WINDOWS\System32\shcore.dll
0x00007ffba48e0000 - 0x00007ffba505f000 	C:\WINDOWS\System32\windows.storage.dll
0x00007ffba3f00000 - 0x00007ffba3f1f000 	C:\WINDOWS\System32\profapi.dll
0x00007ffba3f20000 - 0x00007ffba3f6a000 	C:\WINDOWS\System32\powrprof.dll
0x00007ffba3ed0000 - 0x00007ffba3ee0000 	C:\WINDOWS\System32\UMPDC.dll
0x00007ffba6890000 - 0x00007ffba68e2000 	C:\WINDOWS\System32\shlwapi.dll
0x00007ffba5060000 - 0x00007ffba5077000 	C:\WINDOWS\System32\cryptsp.dll
0x00007ffb9e520000 - 0x00007ffb9e539000 	C:\Program Files\Java\jdk-12.0.2\bin\net.dll
0x00007ffb9b990000 - 0x00007ffb9ba80000 	C:\WINDOWS\SYSTEM32\WINHTTP.dll
0x00007ffb97d60000 - 0x00007ffb97f36000 	C:\WINDOWS\SYSTEM32\urlmon.dll
0x00007ffb98220000 - 0x00007ffb984c6000 	C:\WINDOWS\SYSTEM32\iertutil.dll
0x00007ffba3910000 - 0x00007ffba391c000 	C:\WINDOWS\SYSTEM32\CRYPTBASE.DLL
0x00007ffba3740000 - 0x00007ffba37a7000 	C:\WINDOWS\system32\mswsock.dll
0x00007ffb9cb60000 - 0x00007ffb9cb73000 	C:\Program Files\Java\jdk-12.0.2\bin\nio.dll
0x00007ffba32b0000 - 0x00007ffba32e3000 	C:\WINDOWS\system32\rsaenh.dll
0x00007ffba5080000 - 0x00007ffba50a6000 	C:\WINDOWS\System32\bcrypt.dll
0x00007ffba3df0000 - 0x00007ffba3e15000 	C:\WINDOWS\SYSTEM32\USERENV.dll
0x00007ffba3450000 - 0x00007ffba348a000 	C:\WINDOWS\SYSTEM32\IPHLPAPI.DLL
0x00007ffba57c0000 - 0x00007ffba57c8000 	C:\WINDOWS\System32\NSI.dll
0x00007ffb9dc30000 - 0x00007ffb9dc46000 	C:\WINDOWS\SYSTEM32\dhcpcsvc6.DLL
0x00007ffb9dc10000 - 0x00007ffb9dc2c000 	C:\WINDOWS\SYSTEM32\dhcpcsvc.DLL
0x00007ffba3490000 - 0x00007ffba355a000 	C:\WINDOWS\SYSTEM32\DNSAPI.dll
0x00007ffb9b7f0000 - 0x00007ffb9b819000 	C:\Users\Gold\.vscode\extensions\redhat.java-0.52.0\server\config_win\org.eclipse.equinox.launcher\org.eclipse.equinox.launcher.win32.win32.x86_64_1.1.1100.v20190907-0426\eclipse_1902.dll
0x00007ffb9b7d0000 - 0x00007ffb9b7e1000 	C:\Users\Gold\.vscode\extensions\redhat.java-0.52.0\server\config_win\org.eclipse.osgi\21\0\.cp\jWinHttp-1.0.0.dll
0x00007ffba6d80000 - 0x00007ffba6ed6000 	C:\WINDOWS\System32\ole32.dll

dbghelp: loaded successfully - version: 4.0.5 - missing functions: none
symbol engine: initialized successfully - sym options: 0x614 - pdb path: .;C:\Program Files\Java\jdk-12.0.2\bin;C:\WINDOWS\SYSTEM32;C:\Program Files\AVAST Software\Avast;C:\WINDOWS\WinSxS\amd64_microsoft.windows.common-controls_6595b64144ccf1df_6.0.18362.418_none_e6c6b287130d565d;C:\Program Files\Java\jdk-12.0.2\bin\server;C:\Users\Gold\.vscode\extensions\redhat.java-0.52.0\server\config_win\org.eclipse.equinox.launcher\org.eclipse.equinox.launcher.win32.win32.x86_64_1.1.1100.v20190907-0426;C:\Users\Gold\.vscode\extensions\redhat.java-0.52.0\server\config_win\org.eclipse.osgi\21\0\.cp

VM Arguments:
jvm_args: --add-modules=ALL-SYSTEM --add-opens=java.base/java.util=ALL-UNNAMED --add-opens=java.base/java.lang=ALL-UNNAMED -Declipse.application=org.eclipse.jdt.ls.core.id1 -Dosgi.bundles.defaultStartLevel=4 -Declipse.product=org.eclipse.jdt.ls.core.product -Dfile.encoding=utf8 -DwatchParentProcess=false -Xverify:none -Xmx1G -XX:+UseG1GC -XX:+UseStringDeduplication 
java_command: c:\Users\Gold\.vscode\extensions\redhat.java-0.52.0\server\plugins\org.eclipse.equinox.launcher_1.5.600.v20191014-2022.jar -configuration c:\Users\Gold\.vscode\extensions\redhat.java-0.52.0\server\config_win -data c:\Users\Gold\AppData\Roaming\Code\User\workspaceStorage\edb100f23fdfa5b3f68476fd2373da21\redhat.java\jdt_ws
java_class_path (initial): c:\Users\Gold\.vscode\extensions\redhat.java-0.52.0\server\plugins\org.eclipse.equinox.launcher_1.5.600.v20191014-2022.jar
Launcher Type: SUN_STANDARD

[Global flags]
     bool BytecodeVerificationLocal                = false                                     {product} {command line}
     bool BytecodeVerificationRemote               = false                                     {product} {command line}
     intx CICompilerCount                          = 3                                         {product} {ergonomic}
     uint ConcGCThreads                            = 1                                         {product} {ergonomic}
     uint G1ConcRefinementThreads                  = 4                                         {product} {ergonomic}
   size_t G1HeapRegionSize                         = 1048576                                   {product} {ergonomic}
    uintx GCDrainStackTargetSize                   = 64                                        {product} {ergonomic}
   size_t InitialHeapSize                          = 67108864                                  {product} {ergonomic}
   size_t MarkStackSize                            = 4194304                                   {product} {ergonomic}
   size_t MaxHeapSize                              = 1073741824                                {product} {command line}
   size_t MaxNewSize                               = 643825664                                 {product} {ergonomic}
   size_t MinHeapDeltaBytes                        = 1048576                                   {product} {ergonomic}
    uintx NonNMethodCodeHeapSize                   = 5830732                                {pd product} {ergonomic}
    uintx NonProfiledCodeHeapSize                  = 122913754                              {pd product} {ergonomic}
    uintx ProfiledCodeHeapSize                     = 122913754                              {pd product} {ergonomic}
    uintx ReservedCodeCacheSize                    = 251658240                              {pd product} {ergonomic}
     bool SegmentedCodeCache                       = true                                      {product} {ergonomic}
     bool UseCompressedClassPointers               = true                                 {lp64_product} {ergonomic}
     bool UseCompressedOops                        = true                                 {lp64_product} {ergonomic}
     bool UseG1GC                                  = true                                      {product} {command line}
     bool UseLargePagesIndividualAllocation        = false                                  {pd product} {ergonomic}
     bool UseStringDeduplication                   = true                                      {product} {command line}

Logging:
Log output configuration:
 #0: stdout all=warning uptime,level,tags
 #1: stderr all=off uptime,level,tags

Environment Variables:
JAVA_HOME=C:\Progra~1\Java\jdk-12.0.2
PATH=C:\Program Files\Java\jdk-12.0.2\bin;C:\ProgramData\Oracle\Java\javapath;C:\Program Files (x86)\Intel\iCLS Client\;C:\Program Files\Intel\iCLS Client\;C:\WINDOWS\system32;C:\WINDOWS;C:\WINDOWS\System32\Wbem;C:\WINDOWS\System32\WindowsPowerShell\v1.0\;C:\Program Files (x86)\Intel\Intel(R) Management Engine Components\DAL;C:\Program Files\Intel\Intel(R) Management Engine Components\DAL;C:\Program Files (x86)\Intel\Intel(R) Management Engine Components\IPT;C:\Program Files\Intel\Intel(R) Management Engine Components\IPT;C:\Program Files\Intel\WiFi\bin\;C:\Program Files\Common Files\Intel\WirelessCommon\;C:\TDM-GCC-64\bin;C:\WINDOWS\System32\OpenSSH\;C:\Program Files\nodejs\;C:\Program Files\Git\cmd;C:\Strawberry\c\bin;C:\Strawberry\perl\site\bin;C:\Strawberry\perl\bin;C:\ProgramData\chocolatey\bin;C:\sqlite3;C:\Program Files\apache-maven-3.6.2\bin;C:\Program Files\dotnet\;C:\Program Files\Java\jdk-12.0.2\bin;C:\Users\Gold\AppData\Local\Microsoft\WindowsApps;C:\Program Files\Intel\WiFi\bin\;C:\Program Files\Common Files\Intel\WirelessCommon\;C:\Users\Gold\AppData\Local\Programs\Microsoft VS Code\bin;C:\Users\Gold\AppData\Roaming\npm;C:\Users\Gold\AppData\Roaming\Dashlane\6.1907.0.17833\bin\Firefox_Extension\{442718d9-475e-452a-b3e1-fb1ee16b8e9f}\components;C:\Users\Gold\AppData\Roaming\Dashlane\6.1907.0.17833\ucrt;C:\Users\Gold\AppData\Roaming\Dashlane\6.1907.0.17833\bin\Qt;C:\Users\Gold\AppData\Roaming\Dashlane\6.1907.0.17833\bin\Ssl;
USERNAME=Gold
OS=Windows_NT
PROCESSOR_IDENTIFIER=Intel64 Family 6 Model 78 Stepping 3, GenuineIntel



---------------  S Y S T E M  ---------------

OS: Windows 10 , 64 bit Build 18362 (10.0.18362.329)

CPU:total 4 (initial active 4) (2 cores per cpu, 2 threads per core) family 6 model 78 stepping 3, cmov, cx8, fxsr, mmx, sse, sse2, sse3, ssse3, sse4.1, sse4.2, popcnt, avx, avx2, aes, clmul, erms, rtm, 3dnowpref, lzcnt, ht, tsc, tscinvbit, bmi1, bmi2, adx, fma

Memory: 4k page, system-wide physical 3968M (208M free)
TotalPageFile size 16256M (AvailPageFile size 6M)
current process WorkingSet (physical memory assigned to process): 277M, peak: 278M
current process commit charge ("private bytes"): 346M, peak: 371M

vm_info: Java HotSpot(TM) 64-Bit Server VM (12.0.2+10) for windows-amd64 JRE (12.0.2+10), built on Jul 16 2019 01:56:17 by "mach5one" with MS VC++ 15.5 (VS2017)

END.
